running egg_info
writing ../../build/humanoid_control/humanoid_control.egg-info/PKG-INFO
writing dependency_links to ../../build/humanoid_control/humanoid_control.egg-info/dependency_links.txt
writing entry points to ../../build/humanoid_control/humanoid_control.egg-info/entry_points.txt
writing requirements to ../../build/humanoid_control/humanoid_control.egg-info/requires.txt
writing top-level names to ../../build/humanoid_control/humanoid_control.egg-info/top_level.txt
reading manifest file '../../build/humanoid_control/humanoid_control.egg-info/SOURCES.txt'
writing manifest file '../../build/humanoid_control/humanoid_control.egg-info/SOURCES.txt'
running build
running build_py
copying humanoid_control/object_spawner.py -> /home/vineet/humanoid_ws/build/humanoid_control/build/lib/humanoid_control
copying humanoid_control/motion_generator.py -> /home/vineet/humanoid_ws/build/humanoid_control/build/lib/humanoid_control
running install
running install_lib
copying /home/vineet/humanoid_ws/build/humanoid_control/build/lib/humanoid_control/object_spawner.py -> /home/vineet/humanoid_ws/install/humanoid_control/lib/python3.10/site-packages/humanoid_control
copying /home/vineet/humanoid_ws/build/humanoid_control/build/lib/humanoid_control/motion_generator.py -> /home/vineet/humanoid_ws/install/humanoid_control/lib/python3.10/site-packages/humanoid_control
byte-compiling /home/vineet/humanoid_ws/install/humanoid_control/lib/python3.10/site-packages/humanoid_control/object_spawner.py to object_spawner.cpython-310.pyc
byte-compiling /home/vineet/humanoid_ws/install/humanoid_control/lib/python3.10/site-packages/humanoid_control/motion_generator.py to motion_generator.cpython-310.pyc
running install_data
copying urdf/humanoid_32dof.urdf.xacro -> /home/vineet/humanoid_ws/install/humanoid_control/share/humanoid_control/urdf
running install_egg_info
removing '/home/vineet/humanoid_ws/install/humanoid_control/lib/python3.10/site-packages/humanoid_control-0.0.0-py3.10.egg-info' (and everything under it)
Copying ../../build/humanoid_control/humanoid_control.egg-info to /home/vineet/humanoid_ws/install/humanoid_control/lib/python3.10/site-packages/humanoid_control-0.0.0-py3.10.egg-info
running install_scripts
Installing motion_generator script to /home/vineet/humanoid_ws/install/humanoid_control/lib/humanoid_control
Installing object_spawner script to /home/vineet/humanoid_ws/install/humanoid_control/lib/humanoid_control
Installing perception_sim script to /home/vineet/humanoid_ws/install/humanoid_control/lib/humanoid_control
Installing system_supervisor script to /home/vineet/humanoid_ws/install/humanoid_control/lib/humanoid_control
writing list of installed files to '/home/vineet/humanoid_ws/build/humanoid_control/install.log'
